 # MODEL:      TULLY MODEL 2
 #TIME (a.u.)  DIABATIC POPULATIONS: METHOD III
       0.0000       1.000000      -0.000000
      10.0000       1.000000      -0.000000
      20.0000       1.000000      -0.000000
      30.0000       1.000000       0.000000
      40.0000       1.000000       0.000000
      50.0000       1.000000       0.000000
      60.0000       1.000000       0.000000
      70.0000       1.000000       0.000000
      80.0000       1.000000       0.000000
      90.0000       1.000000       0.000000
     100.0000       1.000000       0.000000
     110.0000       1.000000       0.000000
     120.0000       1.000000       0.000000
     130.0000       1.000000       0.000000
     140.0000       1.000000       0.000000
     150.0000       1.000000       0.000000
     160.0000       1.000000       0.000000
     170.0000       1.000000       0.000000
     180.0000       1.000000       0.000000
     190.0000       1.000000       0.000000
     200.0000       1.000000       0.000000
     210.0000       1.000000       0.000000
     220.0000       1.000000       0.000000
     230.0000       1.000000       0.000000
     240.0000       1.000000       0.000000
     250.0000       1.000000       0.000000
     260.0000       1.000000       0.000000
     270.0000       1.000000       0.000000
     280.0000       1.000000       0.000000
     290.0000       1.000000       0.000000
     300.0000       1.000000       0.000000
     310.0000       1.000000       0.000000
     320.0000       1.000000       0.000000
     330.0000       1.000000       0.000000
     340.0000       1.000000       0.000000
     350.0000       1.000000       0.000000
     360.0000       1.000000       0.000000
     370.0000       1.000000       0.000000
     380.0000       1.000000       0.000000
     390.0000       1.000000       0.000000
     400.0000       1.000000       0.000000
     410.0000       1.000000       0.000000
     420.0000       1.000000       0.000000
     430.0000       1.000000       0.000000
     440.0000       1.000000       0.000000
     450.0000       1.000000       0.000000
     460.0000       1.000000       0.000000
     470.0000       1.000000       0.000000
     480.0000       1.000000       0.000000
     490.0000       1.000000       0.000000
     500.0000       1.000000       0.000000
     510.0000       1.000000       0.000000
     520.0000       1.000000       0.000000
     530.0000       1.000000       0.000000
     540.0000       1.000000       0.000000
     550.0000       1.000000       0.000000
     560.0000       1.000000       0.000000
     570.0000       1.000000       0.000000
     580.0000       1.000000       0.000000
     590.0000       1.000000       0.000001
     600.0000       1.000000       0.000001
     610.0000       1.000000       0.000001
     620.0000       1.000000       0.000001
     630.0000       1.000000       0.000001
     640.0000       1.000000       0.000001
     650.0000       1.000000       0.000001
     660.0000       1.000000       0.000002
     670.0000       1.000000       0.000002
     680.0000       1.000000       0.000002
     690.0000       1.000000       0.000003
     700.0000       1.000000       0.000003
     710.0000       1.000000       0.000004
     720.0000       1.000000       0.000004
     730.0000       0.999995       0.000005
     740.0000       0.999990       0.000006
     750.0000       0.999990       0.000007
     760.0000       0.999990       0.000008
     770.0000       0.999990       0.000009
     780.0000       0.999990       0.000010
     790.0000       0.999990       0.000012
     800.0000       0.999990       0.000014
     810.0000       0.999982       0.000016
     820.0000       0.999980       0.000019
     830.0000       0.999980       0.000021
     840.0000       0.999975       0.000025
     850.0000       0.999970       0.000028
     860.0000       0.999970       0.000033
     870.0000       0.999962       0.000037
     880.0000       0.999958       0.000043
     890.0000       0.999950       0.000049
     900.0000       0.999943       0.000056
     910.0000       0.999935       0.000064
     920.0000       0.999925       0.000073
     930.0000       0.999915       0.000083
     940.0000       0.999905       0.000095
     950.0000       0.999892       0.000108
     960.0000       0.999877       0.000122
     970.0000       0.999862       0.000139
     980.0000       0.999842       0.000157
     990.0000       0.999820       0.000178
    1000.0000       0.999798       0.000201
    1010.0000       0.999775       0.000226
    1020.0000       0.999748       0.000255
    1030.0000       0.999713       0.000287
    1040.0000       0.999680       0.000323
    1050.0000       0.999640       0.000362
    1060.0000       0.999595       0.000406
    1070.0000       0.999545       0.000455
    1080.0000       0.999490       0.000509
    1090.0000       0.999430       0.000568
    1100.0000       0.999365       0.000634
    1110.0000       0.999293       0.000706
    1120.0000       0.999213       0.000786
    1130.0000       0.999128       0.000874
    1140.0000       0.999030       0.000970
    1150.0000       0.998925       0.001076
    1160.0000       0.998808       0.001192
    1170.0000       0.998683       0.001319
    1180.0000       0.998545       0.001457
    1190.0000       0.998393       0.001609
    1200.0000       0.998228       0.001773
    1210.0000       0.998047       0.001953
    1220.0000       0.997852       0.002148
    1230.0000       0.997640       0.002360
    1240.0000       0.997408       0.002591
    1250.0000       0.997160       0.002840
    1260.0000       0.996887       0.003111
    1270.0000       0.996595       0.003405
    1280.0000       0.996277       0.003722
    1290.0000       0.995938       0.004065
    1300.0000       0.995563       0.004436
    1310.0000       0.995160       0.004837
    1320.0000       0.994727       0.005271
    1330.0000       0.994263       0.005739
    1340.0000       0.993753       0.006245
    1350.0000       0.993208       0.006792
    1360.0000       0.992618       0.007385
    1370.0000       0.991973       0.008026
    1380.0000       0.991280       0.008722
    1390.0000       0.990522       0.009478
    1400.0000       0.989698       0.010301
    1410.0000       0.988800       0.011199
    1420.0000       0.987818       0.012182
    1430.0000       0.986742       0.013260
    1440.0000       0.985553       0.014447
    1450.0000       0.984235       0.015761
    1460.0000       0.982777       0.017222
    1470.0000       0.980327       0.019672
    1480.0000       0.977175       0.022822
    1490.0000       0.975202       0.024798
    1500.0000       0.972955       0.027046
    1510.0000       0.969825       0.030173
    1520.0000       0.966950       0.033050
    1530.0000       0.963873       0.036130
    1540.0000       0.960290       0.039709
    1550.0000       0.956143       0.043860
    1560.0000       0.951325       0.048674
    1570.0000       0.944987       0.055014
    1580.0000       0.938748       0.061253
    1590.0000       0.931615       0.068386
    1600.0000       0.923490       0.076510
    1610.0000       0.913850       0.086150
    1620.0000       0.900707       0.099293
    1630.0000       0.888232       0.111767
    1640.0000       0.873803       0.126198
    1650.0000       0.859650       0.140350
    1660.0000       0.841705       0.158295
    1670.0000       0.823825       0.176175
    1680.0000       0.805048       0.194953
    1690.0000       0.783560       0.216440
    1700.0000       0.761960       0.238040
    1710.0000       0.737557       0.262443
    1720.0000       0.709175       0.290825
    1730.0000       0.679790       0.320210
    1740.0000       0.649493       0.350508
    1750.0000       0.616915       0.383085
    1760.0000       0.586052       0.413948
    1770.0000       0.550373       0.449628
    1780.0000       0.514433       0.485567
    1790.0000       0.480190       0.519810
    1800.0000       0.447720       0.552280
    1810.0000       0.416780       0.583220
    1820.0000       0.388292       0.611708
    1830.0000       0.361150       0.638850
    1840.0000       0.337317       0.662683
    1850.0000       0.316635       0.683365
    1860.0000       0.295633       0.704367
    1870.0000       0.273220       0.726780
    1880.0000       0.255080       0.744920
    1890.0000       0.241233       0.758767
    1900.0000       0.227902       0.772098
    1910.0000       0.212625       0.787375
    1920.0000       0.202593       0.797407
    1930.0000       0.194470       0.805530
    1940.0000       0.192012       0.807988
    1950.0000       0.190508       0.809493
    1960.0000       0.194860       0.805140
    1970.0000       0.200698       0.799302
    1980.0000       0.207915       0.792085
    1990.0000       0.217235       0.782765
    2000.0000       0.227387       0.772613
    2010.0000       0.238608       0.761393
    2020.0000       0.249943       0.750058
    2030.0000       0.262685       0.737315
    2040.0000       0.276053       0.723947
    2050.0000       0.294617       0.705382
    2060.0000       0.312790       0.687210
    2070.0000       0.332570       0.667430
    2080.0000       0.349815       0.650185
    2090.0000       0.371917       0.628082
    2100.0000       0.393125       0.606875
    2110.0000       0.416532       0.583468
    2120.0000       0.438660       0.561340
    2130.0000       0.464273       0.535727
    2140.0000       0.493488       0.506513
    2150.0000       0.518445       0.481555
    2160.0000       0.546820       0.453180
    2170.0000       0.572257       0.427743
    2180.0000       0.593880       0.406120
    2190.0000       0.613635       0.386365
    2200.0000       0.629795       0.370205
    2210.0000       0.650713       0.349287
    2220.0000       0.667135       0.332865
    2230.0000       0.679880       0.320120
    2240.0000       0.693570       0.306430
    2250.0000       0.703445       0.296555
    2260.0000       0.714600       0.285400
    2270.0000       0.724825       0.275175
    2280.0000       0.739997       0.260003
    2290.0000       0.749800       0.250200
    2300.0000       0.759367       0.240632
    2310.0000       0.769260       0.230740
    2320.0000       0.777785       0.222215
    2330.0000       0.781965       0.218035
    2340.0000       0.784795       0.215205
    2350.0000       0.784840       0.215160
    2360.0000       0.785285       0.214715
    2370.0000       0.786473       0.213527
    2380.0000       0.784648       0.215353
    2390.0000       0.786407       0.213593
    2400.0000       0.788520       0.211480
    2410.0000       0.791940       0.208060
    2420.0000       0.792272       0.207728
    2430.0000       0.791565       0.208435
    2440.0000       0.795178       0.204822
    2450.0000       0.799560       0.200440
    2460.0000       0.801445       0.198555
    2470.0000       0.802517       0.197483
    2480.0000       0.804635       0.195365
    2490.0000       0.805147       0.194852
    2500.0000       0.807558       0.192443
    2510.0000       0.806695       0.193305
    2520.0000       0.805993       0.194007
    2530.0000       0.804660       0.195340
    2540.0000       0.803810       0.196190
    2550.0000       0.804352       0.195648
    2560.0000       0.805378       0.194623
    2570.0000       0.806612       0.193388
    2580.0000       0.806860       0.193140
    2590.0000       0.806863       0.193138
    2600.0000       0.808450       0.191550
    2610.0000       0.807635       0.192365
    2620.0000       0.806390       0.193610
    2630.0000       0.803855       0.196145
    2640.0000       0.806175       0.193825
    2650.0000       0.804630       0.195370
    2660.0000       0.804342       0.195657
    2670.0000       0.804390       0.195610
    2680.0000       0.802785       0.197215
    2690.0000       0.801425       0.198575
    2700.0000       0.802168       0.197833
    2710.0000       0.802815       0.197185
    2720.0000       0.802272       0.197728
    2730.0000       0.800457       0.199543
    2740.0000       0.801317       0.198683
    2750.0000       0.800943       0.199057
    2760.0000       0.799450       0.200550
    2770.0000       0.798955       0.201045
    2780.0000       0.799577       0.200423
    2790.0000       0.798435       0.201565
    2800.0000       0.798540       0.201460
    2810.0000       0.798860       0.201140
    2820.0000       0.800300       0.199700
    2830.0000       0.802740       0.197260
    2840.0000       0.804095       0.195905
    2850.0000       0.804275       0.195725
    2860.0000       0.804253       0.195747
    2870.0000       0.804040       0.195960
    2880.0000       0.802702       0.197298
    2890.0000       0.801330       0.198670
    2900.0000       0.801005       0.198995
    2910.0000       0.800805       0.199195
    2920.0000       0.801763       0.198238
    2930.0000       0.801890       0.198110
    2940.0000       0.803138       0.196862
    2950.0000       0.803432       0.196568
    2960.0000       0.803705       0.196295
    2970.0000       0.803887       0.196113
    2980.0000       0.803937       0.196063
    2990.0000       0.803848       0.196153
    3000.0000       0.803650       0.196350
