 0.50000E+001   0.84900E+000   0.00000E+000   0.72000E-001   0.79000E-001   0.15100E+000   0.80000E-002   0.00000E+000   0.34900E+000   0.34100E+000
 0.60000E+001   0.78000E+000   0.00000E+000   0.94000E-001   0.12600E+000   0.22000E+000   0.70000E-002   0.00000E+000   0.43500E+000   0.42800E+000
 0.70000E+001   0.75100E+000   0.00000E+000   0.11300E+000   0.13600E+000   0.24900E+000   0.40000E-002   0.00000E+000   0.48200E+000   0.47800E+000
 0.80000E+001   0.73500E+000   0.00000E+000   0.10200E+000   0.16300E+000   0.26500E+000   0.40000E-002   0.00000E+000   0.51300E+000   0.50900E+000
 0.90000E+001   0.70700E+000   0.00000E+000   0.10400E+000   0.18900E+000   0.29300E+000   0.20000E-002   0.00000E+000   0.50900E+000   0.50700E+000
 0.10000E+002   0.69100E+000   0.00000E+000   0.11800E+000   0.19100E+000   0.30900E+000   0.20000E-002   0.00000E+000   0.51900E+000   0.51700E+000
 0.11000E+002   0.67300E+000   0.00000E+000   0.12300E+000   0.20400E+000   0.32700E+000   0.20000E-002   0.00000E+000   0.55800E+000   0.55600E+000
 0.12000E+002   0.67900E+000   0.00000E+000   0.13400E+000   0.18700E+000   0.32100E+000   0.40000E-002   0.00000E+000   0.54100E+000   0.53700E+000
 0.13000E+002   0.64900E+000   0.00000E+000   0.13200E+000   0.21900E+000   0.35100E+000   0.00000E+000   0.00000E+000   0.56900E+000   0.56900E+000
 0.14000E+002   0.62500E+000   0.00000E+000   0.13200E+000   0.24300E+000   0.37500E+000   0.20000E-002   0.00000E+000   0.58500E+000   0.58300E+000
 0.15000E+002   0.61300E+000   0.00000E+000   0.12600E+000   0.26100E+000   0.38700E+000   0.20000E-002   0.00000E+000   0.58300E+000   0.58100E+000
 0.16000E+002   0.62700E+000   0.00000E+000   0.15900E+000   0.21400E+000   0.37300E+000   0.10000E-002   0.00000E+000   0.59500E+000   0.59400E+000
 0.17000E+002   0.61700E+000   0.00000E+000   0.14700E+000   0.23600E+000   0.38300E+000   0.10000E-002   0.00000E+000   0.59100E+000   0.59000E+000
 0.18000E+002   0.63200E+000   0.00000E+000   0.10000E+000   0.26800E+000   0.36800E+000   0.20000E-002   0.00000E+000   0.51800E+000   0.51600E+000
 0.19000E+002   0.62900E+000   0.00000E+000   0.13400E+000   0.23700E+000   0.37100E+000   0.00000E+000   0.00000E+000   0.56700E+000   0.56700E+000
 0.20000E+002   0.59200E+000   0.00000E+000   0.13600E+000   0.27200E+000   0.40800E+000   0.00000E+000   0.00000E+000   0.59400E+000   0.59400E+000
 0.21000E+002   0.58000E+000   0.00000E+000   0.14700E+000   0.27300E+000   0.42000E+000   0.00000E+000   0.00000E+000   0.62500E+000   0.62500E+000
 0.22000E+002   0.59100E+000   0.00000E+000   0.14000E+000   0.26900E+000   0.40900E+000   0.10000E-002   0.00000E+000   0.60800E+000   0.60700E+000
 0.23000E+002   0.60000E+000   0.00000E+000   0.14100E+000   0.25900E+000   0.40000E+000   0.00000E+000   0.00000E+000   0.58100E+000   0.58100E+000
 0.24000E+002   0.59600E+000   0.00000E+000   0.11700E+000   0.28700E+000   0.40400E+000   0.20000E-002   0.00000E+000   0.57100E+000   0.56900E+000
 0.25000E+002   0.58600E+000   0.10000E-002   0.15400E+000   0.25900E+000   0.41300E+000   0.00000E+000   0.00000E+000   0.60600E+000   0.60600E+000
 0.26000E+002   0.57900E+000   0.10000E-002   0.15000E+000   0.27000E+000   0.42000E+000   0.00000E+000   0.00000E+000   0.62900E+000   0.62900E+000
 0.27000E+002   0.58200E+000   0.60000E-002   0.14300E+000   0.26900E+000   0.41200E+000   0.00000E+000   0.00000E+000   0.61300E+000   0.61300E+000
 0.28000E+002   0.57800E+000   0.64000E-001   0.10400E+000   0.25400E+000   0.35800E+000   0.00000E+000   0.00000E+000   0.56400E+000   0.56400E+000
 0.29000E+002   0.57500E+000   0.42500E+000   0.00000E+000   0.00000E+000   0.00000E+000   0.00000E+000   0.00000E+000   0.45100E+000   0.45100E+000
 0.30000E+002   0.57400E+000   0.42600E+000   0.00000E+000   0.00000E+000   0.00000E+000   0.00000E+000   0.00000E+000   0.45600E+000   0.45600E+000
 0.31000E+002   0.56000E+000   0.44000E+000   0.00000E+000   0.00000E+000   0.00000E+000   0.00000E+000   0.00000E+000   0.46600E+000   0.46600E+000
 0.32000E+002   0.55100E+000   0.44900E+000   0.00000E+000   0.00000E+000   0.00000E+000   0.00000E+000   0.00000E+000   0.47700E+000   0.47700E+000
 0.33000E+002   0.53600E+000   0.46400E+000   0.00000E+000   0.00000E+000   0.00000E+000   0.00000E+000   0.00000E+000   0.47800E+000   0.47800E+000
 0.34000E+002   0.53900E+000   0.46100E+000   0.00000E+000   0.00000E+000   0.00000E+000   0.00000E+000   0.00000E+000   0.48900E+000   0.48900E+000
 0.35000E+002   0.54100E+000   0.45900E+000   0.00000E+000   0.00000E+000   0.00000E+000   0.00000E+000   0.00000E+000   0.48100E+000   0.48100E+000
